<?xml version="1.0" encoding="UTF-8"?>
<testsuite name="gradleproject2.StudentTest" tests="13" skipped="0" failures="0" errors="0" timestamp="2021-10-29T17:31:30" hostname="SEO" time="0.025">
  <properties/>
  <testcase name="testGetID" classname="gradleproject2.StudentTest" time="0.009"/>
  <testcase name="testSetID" classname="gradleproject2.StudentTest" time="0.0"/>
  <testcase name="testSetCourses" classname="gradleproject2.StudentTest" time="0.002"/>
  <testcase name="testSetModules" classname="gradleproject2.StudentTest" time="0.001"/>
  <testcase name="testGetName" classname="gradleproject2.StudentTest" time="0.0"/>
  <testcase name="testGetUsername" classname="gradleproject2.StudentTest" time="0.011"/>
  <testcase name="testGetCourses" classname="gradleproject2.StudentTest" time="0.0"/>
  <testcase name="testGetAge" classname="gradleproject2.StudentTest" time="0.0"/>
  <testcase name="testGetDOB" classname="gradleproject2.StudentTest" time="0.0"/>
  <testcase name="testGetModules" classname="gradleproject2.StudentTest" time="0.0"/>
  <testcase name="testSetName" classname="gradleproject2.StudentTest" time="0.0"/>
  <testcase name="testSetAge" classname="gradleproject2.StudentTest" time="0.0"/>
  <testcase name="testSetDOB" classname="gradleproject2.StudentTest" time="0.001"/>
  <system-out><![CDATA[getID
setID
setCourses
setModules
getName
getUsername
getCourses
getAge
getDOB
getModules
setName
setAge
setDOB
]]></system-out>
  <system-err><![CDATA[]]></system-err>
</testsuite>
